{
  "RSpec": {
    "coverage": {
      "/home/rails/Desktop/koshlendra/be-assignment-junior-1/app/controllers/expenses_controller.rb": {
        "lines": [
          null,
          null,
          1,
          1,
          1,
          6,
          null,
          6,
          4,
          null,
          2,
          null,
          6,
          null,
          null,
          1,
          2,
          null,
          null,
          1,
          2,
          null,
          null,
          1,
          2,
          null,
          null,
          1,
          2,
          null,
          2,
          0,
          null,
          2,
          null,
          2,
          null,
          null,
          1,
          null,
          1,
          8,
          null,
          null,
          1,
          2,
          null,
          null,
          1,
          7,
          null,
          null
        ]
      },
      "/home/rails/Desktop/koshlendra/be-assignment-junior-1/app/controllers/application_controller.rb": {
        "lines": [
          null,
          null,
          1,
          1,
          null
        ]
      },
      "/home/rails/Desktop/koshlendra/be-assignment-junior-1/spec/controllers/static_controller_spec.rb": {
        "lines": [
          null,
          null,
          1,
          null,
          1,
          8,
          null,
          null,
          1,
          7,
          null,
          null,
          1,
          1,
          1,
          1,
          null,
          null,
          1,
          1,
          1,
          null,
          null,
          1,
          1,
          1,
          null,
          null,
          null,
          1,
          1,
          1,
          1,
          null,
          null,
          null,
          1,
          1,
          1,
          1,
          1,
          null,
          null,
          1,
          1,
          1,
          null,
          null,
          null,
          1,
          1,
          1,
          1,
          null,
          null,
          null,
          null
        ]
      },
      "/home/rails/Desktop/koshlendra/be-assignment-junior-1/app/controllers/static_controller.rb": {
        "lines": [
          null,
          null,
          1,
          1,
          null,
          1,
          6,
          6,
          null,
          null,
          1,
          1,
          null,
          null,
          1,
          null,
          1,
          7,
          7,
          null,
          null,
          1,
          7,
          null,
          null
        ]
      },
      "/home/rails/Desktop/koshlendra/be-assignment-junior-1/spec/models/expense_spec.rb": {
        "lines": [
          null,
          null,
          1,
          null,
          1,
          2,
          null,
          1,
          2,
          2,
          null,
          null,
          1,
          2,
          2,
          2,
          null,
          null,
          1,
          1,
          1,
          null,
          null,
          null,
          1,
          2,
          2,
          2,
          2,
          null,
          null
        ]
      },
      "/home/rails/Desktop/koshlendra/be-assignment-junior-1/app/models/expense.rb": {
        "lines": [
          null,
          null,
          1,
          1,
          1,
          1,
          null,
          1,
          1,
          1,
          null,
          1,
          null,
          1,
          1,
          null,
          1,
          13,
          null,
          null,
          1,
          2,
          null,
          null
        ]
      },
      "/home/rails/Desktop/koshlendra/be-assignment-junior-1/app/models/concerns/expense_logic.rb": {
        "lines": [
          null,
          null,
          1,
          1,
          null,
          1,
          4,
          2,
          null,
          2,
          null,
          null,
          null,
          1,
          2,
          2,
          2,
          null,
          2,
          null,
          null,
          null,
          null,
          1,
          2,
          2,
          2,
          null,
          null,
          null,
          null,
          1,
          1,
          6,
          12,
          6,
          6,
          4,
          4,
          null,
          2,
          null,
          null,
          null,
          1,
          2,
          2,
          0,
          0,
          0,
          2,
          null,
          null,
          null
        ]
      },
      "/home/rails/Desktop/koshlendra/be-assignment-junior-1/spec/models/settle_expense_spec.rb": {
        "lines": [
          1,
          null,
          1,
          1,
          null,
          1,
          2,
          null,
          null,
          1,
          2,
          2,
          null,
          null,
          null
        ]
      },
      "/home/rails/Desktop/koshlendra/be-assignment-junior-1/app/models/settle_expense.rb": {
        "lines": [
          1,
          1,
          null,
          1,
          1,
          null
        ]
      },
      "/home/rails/Desktop/koshlendra/be-assignment-junior-1/spec/models/shared_expense_spec.rb": {
        "lines": [
          null,
          null,
          1,
          null,
          1,
          2,
          null,
          1,
          2,
          2,
          2,
          null,
          null,
          1,
          1,
          1,
          null,
          null,
          null
        ]
      },
      "/home/rails/Desktop/koshlendra/be-assignment-junior-1/app/models/shared_expense.rb": {
        "lines": [
          null,
          null,
          1,
          1,
          1,
          1,
          null,
          3,
          null,
          1,
          1,
          null,
          null
        ]
      },
      "/home/rails/Desktop/koshlendra/be-assignment-junior-1/spec/models/user_spec.rb": {
        "lines": [
          null,
          null,
          1,
          null,
          1,
          8,
          1,
          1,
          2,
          2,
          2,
          2,
          null,
          null,
          1,
          1,
          1,
          null,
          null,
          null,
          1,
          1,
          2,
          2,
          2,
          null,
          null,
          1,
          2,
          2,
          2,
          2,
          null,
          null,
          1,
          1,
          1,
          2,
          2,
          null,
          2,
          1,
          1,
          null,
          null,
          null,
          1,
          1,
          2,
          2,
          null,
          2,
          1,
          1,
          null,
          null,
          null,
          1,
          3,
          1,
          2,
          2,
          null,
          2,
          1,
          1,
          null,
          null,
          null,
          null,
          null
        ]
      },
      "/home/rails/Desktop/koshlendra/be-assignment-junior-1/app/models/friend.rb": {
        "lines": [
          null,
          null,
          1,
          1,
          1,
          10,
          7,
          null,
          1,
          null,
          1,
          null,
          1,
          6,
          null,
          null
        ]
      }
    },
    "timestamp": 1715690503
  }
}
